{"artifact":"/Users/code/Documents/Rust/rust-computer/target/rls/debug/deps/cfg_if-2c177f07869b95d4.d","emit":"dep-info"}
{"artifact":"/Users/code/Documents/Rust/rust-computer/target/rls/debug/deps/save-analysis/libcfg_if-2c177f07869b95d4.json","emit":"save-analysis"}
{"artifact":"/Users/code/Documents/Rust/rust-computer/target/rls/debug/deps/libcfg_if-2c177f07869b95d4.rmeta","emit":"metadata"}
{"artifact":"/Users/code/Documents/Rust/rust-computer/target/rls/debug/deps/libcfg_if-2c177f07869b95d4.rlib","emit":"link"}
{"artifact":"/Users/code/Documents/Rust/rust-computer/target/rls/debug/deps/unicode_xid-b7a59164f9fdabce.d","emit":"dep-info"}
{"artifact":"/Users/code/Documents/Rust/rust-computer/target/rls/debug/deps/save-analysis/libunicode_xid-b7a59164f9fdabce.json","emit":"save-analysis"}
{"artifact":"/Users/code/Documents/Rust/rust-computer/target/rls/debug/deps/libunicode_xid-b7a59164f9fdabce.rmeta","emit":"metadata"}
{"artifact":"/Users/code/Documents/Rust/rust-computer/target/rls/debug/deps/xml-bcd818ec6a801d24.d","emit":"dep-info"}
{"artifact":"/Users/code/Documents/Rust/rust-computer/target/rls/debug/deps/libunicode_xid-b7a59164f9fdabce.rlib","emit":"link"}
{"artifact":"/Users/code/Documents/Rust/rust-computer/target/rls/debug/deps/log-2d25267cf36c1535.d","emit":"dep-info"}
{"artifact":"/Users/code/Documents/Rust/rust-computer/target/rls/debug/deps/khronos_api-edd2e386b9269f94.d","emit":"dep-info"}
{"artifact":"/Users/code/Documents/Rust/rust-computer/target/rls/debug/deps/save-analysis/libkhronos_api-edd2e386b9269f94.json","emit":"save-analysis"}
{"artifact":"/Users/code/Documents/Rust/rust-computer/target/rls/debug/deps/libkhronos_api-edd2e386b9269f94.rmeta","emit":"metadata"}
{"artifact":"/Users/code/Documents/Rust/rust-computer/target/rls/debug/deps/libkhronos_api-edd2e386b9269f94.rlib","emit":"link"}
{"artifact":"/Users/code/Documents/Rust/rust-computer/target/rls/debug/deps/save-analysis/liblog-2d25267cf36c1535.json","emit":"save-analysis"}
{"artifact":"/Users/code/Documents/Rust/rust-computer/target/rls/debug/deps/proc_macro2-0fc9e2f4ef0d6d14.d","emit":"dep-info"}
{"artifact":"/Users/code/Documents/Rust/rust-computer/target/rls/debug/deps/liblog-2d25267cf36c1535.rmeta","emit":"metadata"}
{"artifact":"/Users/code/Documents/Rust/rust-computer/target/rls/debug/deps/liblog-2d25267cf36c1535.rlib","emit":"link"}
{"artifact":"/Users/code/Documents/Rust/rust-computer/target/rls/debug/deps/syn-31a98884b2b12280.d","emit":"dep-info"}
{"artifact":"/Users/code/Documents/Rust/rust-computer/target/rls/debug/deps/save-analysis/libxml-bcd818ec6a801d24.json","emit":"save-analysis"}
{"artifact":"/Users/code/Documents/Rust/rust-computer/target/rls/debug/deps/save-analysis/libproc_macro2-0fc9e2f4ef0d6d14.json","emit":"save-analysis"}
{"artifact":"/Users/code/Documents/Rust/rust-computer/target/rls/debug/deps/libxml-bcd818ec6a801d24.rmeta","emit":"metadata"}
{"artifact":"/Users/code/Documents/Rust/rust-computer/target/rls/debug/deps/libproc_macro2-0fc9e2f4ef0d6d14.rmeta","emit":"metadata"}
{"artifact":"/Users/code/Documents/Rust/rust-computer/target/rls/debug/deps/libproc_macro2-0fc9e2f4ef0d6d14.rlib","emit":"link"}
{"artifact":"/Users/code/Documents/Rust/rust-computer/target/rls/debug/deps/quote-3e167df65ddea04f.d","emit":"dep-info"}
{"artifact":"/Users/code/Documents/Rust/rust-computer/target/rls/debug/deps/save-analysis/libquote-3e167df65ddea04f.json","emit":"save-analysis"}
{"artifact":"/Users/code/Documents/Rust/rust-computer/target/rls/debug/deps/libxml-bcd818ec6a801d24.rlib","emit":"link"}
{"artifact":"/Users/code/Documents/Rust/rust-computer/target/rls/debug/deps/libquote-3e167df65ddea04f.rmeta","emit":"metadata"}
{"artifact":"/Users/code/Documents/Rust/rust-computer/target/rls/debug/deps/libquote-3e167df65ddea04f.rlib","emit":"link"}
{"artifact":"/Users/code/Documents/Rust/rust-computer/target/rls/debug/deps/save-analysis/libsyn-31a98884b2b12280.json","emit":"save-analysis"}
{"artifact":"/Users/code/Documents/Rust/rust-computer/target/rls/debug/deps/libsyn-31a98884b2b12280.rmeta","emit":"metadata"}
{"artifact":"/Users/code/Documents/Rust/rust-computer/target/rls/debug/deps/libsyn-31a98884b2b12280.rlib","emit":"link"}
{"message":"cannot lex `source_file` without source: /Users/code/.cargo/registry/src/github.com-1ecc6299db9ec823/quote-1.0.3/src/lib.rs","code":null,"level":"error: internal compiler error","spans":[],"children":[],"rendered":"\u001b[0m\u001b[1m\u001b[38;5;9merror: internal compiler error\u001b[0m\u001b[0m\u001b[1m: cannot lex `source_file` without source: /Users/code/.cargo/registry/src/github.com-1ecc6299db9ec823/quote-1.0.3/src/lib.rs\u001b[0m\n\n"}
thread 'rustc' panicked at 'Box<Any>', src/librustc_errors/lib.rs:880:9
note: run with `RUST_BACKTRACE=1` environment variable to display a backtrace

note: the compiler unexpectedly panicked. this is a bug.

note: we would appreciate a bug report: https://github.com/rust-lang/rust/blob/master/CONTRIBUTING.md#bug-reports

note: rustc 1.43.0-nightly (158127853 2020-03-10) running on x86_64-apple-darwin

note: compiler flags: -C prefer-dynamic -C debuginfo=2 --crate-type proc-macro

note: some of the compiler flags provided by cargo are hidden

{"message":"aborting due to previous error","code":null,"level":"error","spans":[],"children":[],"rendered":"\u001b[0m\u001b[1m\u001b[38;5;9merror\u001b[0m\u001b[0m\u001b[1m: aborting due to previous error\u001b[0m\n\n"}
{"message":"cannot lex `source_file` without source: /Users/code/.cargo/registry/src/github.com-1ecc6299db9ec823/quote-1.0.3/src/lib.rs","code":null,"level":"error: internal compiler error","spans":[],"children":[],"rendered":"\u001b[0m\u001b[1m\u001b[38;5;9merror: internal compiler error\u001b[0m\u001b[0m\u001b[1m: cannot lex `source_file` without source: /Users/code/.cargo/registry/src/github.com-1ecc6299db9ec823/quote-1.0.3/src/lib.rs\u001b[0m\n\n"}
thread 'rustc' panicked at 'Box<Any>', src/librustc_errors/lib.rs:880:9
note: run with `RUST_BACKTRACE=1` environment variable to display a backtrace

note: the compiler unexpectedly panicked. this is a bug.

note: we would appreciate a bug report: https://github.com/rust-lang/rust/blob/master/CONTRIBUTING.md#bug-reports

note: rustc 1.43.0-nightly (158127853 2020-03-10) running on x86_64-apple-darwin

note: compiler flags: -C prefer-dynamic -C debuginfo=2 --crate-type proc-macro

note: some of the compiler flags provided by cargo are hidden

{"message":"aborting due to previous error","code":null,"level":"error","spans":[],"children":[],"rendered":"\u001b[0m\u001b[1m\u001b[38;5;9merror\u001b[0m\u001b[0m\u001b[1m: aborting due to previous error\u001b[0m\n\n"}
