{"artifact":"/Users/code/Documents/Rust/rust-computer/target/rls/debug/deps/unicode_xid-a5ad291274613953.d","emit":"dep-info"}
{"artifact":"/Users/code/Documents/Rust/rust-computer/target/rls/debug/deps/save-analysis/libunicode_xid-a5ad291274613953.json","emit":"save-analysis"}
{"artifact":"/Users/code/Documents/Rust/rust-computer/target/rls/debug/deps/libunicode_xid-a5ad291274613953.rmeta","emit":"metadata"}
{"artifact":"/Users/code/Documents/Rust/rust-computer/target/rls/debug/deps/libunicode_xid-a5ad291274613953.rlib","emit":"link"}
{"artifact":"/Users/code/Documents/Rust/rust-computer/target/rls/debug/deps/proc_macro2-11ba638918932d8d.d","emit":"dep-info"}
{"artifact":"/Users/code/Documents/Rust/rust-computer/target/rls/debug/deps/save-analysis/libproc_macro2-11ba638918932d8d.json","emit":"save-analysis"}
{"artifact":"/Users/code/Documents/Rust/rust-computer/target/rls/debug/deps/libproc_macro2-11ba638918932d8d.rmeta","emit":"metadata"}
{"artifact":"/Users/code/Documents/Rust/rust-computer/target/rls/debug/deps/libproc_macro2-11ba638918932d8d.rlib","emit":"link"}
{"artifact":"/Users/code/Documents/Rust/rust-computer/target/rls/debug/deps/quote-084bb8b19cb5395e.d","emit":"dep-info"}
{"artifact":"/Users/code/Documents/Rust/rust-computer/target/rls/debug/deps/save-analysis/libquote-084bb8b19cb5395e.json","emit":"save-analysis"}
{"artifact":"/Users/code/Documents/Rust/rust-computer/target/rls/debug/deps/libquote-084bb8b19cb5395e.rmeta","emit":"metadata"}
{"artifact":"/Users/code/Documents/Rust/rust-computer/target/rls/debug/deps/libquote-084bb8b19cb5395e.rlib","emit":"link"}
{"artifact":"/Users/code/Documents/Rust/rust-computer/target/rls/debug/deps/syn-8065ccdd8647c49d.d","emit":"dep-info"}
{"artifact":"/Users/code/Documents/Rust/rust-computer/target/rls/debug/deps/save-analysis/libsyn-8065ccdd8647c49d.json","emit":"save-analysis"}
{"artifact":"/Users/code/Documents/Rust/rust-computer/target/rls/debug/deps/libsyn-8065ccdd8647c49d.rmeta","emit":"metadata"}
{"artifact":"/Users/code/Documents/Rust/rust-computer/target/rls/debug/deps/libsyn-8065ccdd8647c49d.rlib","emit":"link"}
{"artifact":"/Users/code/Documents/Rust/rust-computer/target/rls/debug/deps/unicode_xid-34364da386b6605f.d","emit":"dep-info"}
{"artifact":"/Users/code/Documents/Rust/rust-computer/target/rls/debug/deps/save-analysis/libunicode_xid-34364da386b6605f.json","emit":"save-analysis"}
{"artifact":"/Users/code/Documents/Rust/rust-computer/target/rls/debug/deps/libunicode_xid-34364da386b6605f.rmeta","emit":"metadata"}
{"artifact":"/Users/code/Documents/Rust/rust-computer/target/rls/debug/deps/libunicode_xid-34364da386b6605f.rlib","emit":"link"}
{"artifact":"/Users/code/Documents/Rust/rust-computer/target/rls/debug/deps/proc_macro2-b59f072bca04d87e.d","emit":"dep-info"}
{"artifact":"/Users/code/Documents/Rust/rust-computer/target/rls/debug/deps/save-analysis/libproc_macro2-b59f072bca04d87e.json","emit":"save-analysis"}
{"artifact":"/Users/code/Documents/Rust/rust-computer/target/rls/debug/deps/libproc_macro2-b59f072bca04d87e.rmeta","emit":"metadata"}
{"artifact":"/Users/code/Documents/Rust/rust-computer/target/rls/debug/deps/libproc_macro2-b59f072bca04d87e.rlib","emit":"link"}
{"artifact":"/Users/code/Documents/Rust/rust-computer/target/rls/debug/deps/quote-31c3717f067f53c4.d","emit":"dep-info"}
{"artifact":"/Users/code/Documents/Rust/rust-computer/target/rls/debug/deps/save-analysis/libquote-31c3717f067f53c4.json","emit":"save-analysis"}
{"artifact":"/Users/code/Documents/Rust/rust-computer/target/rls/debug/deps/libquote-31c3717f067f53c4.rmeta","emit":"metadata"}
{"artifact":"/Users/code/Documents/Rust/rust-computer/target/rls/debug/deps/libquote-31c3717f067f53c4.rlib","emit":"link"}
[2020-03-18T05:30:21Z ERROR rls::actions::hover] failed to extract docs: row: Row(0, PhantomData), file: "/Users/code/.cargo/registry/src/github.com-1ecc6299db9ec823/conrod_core-0.69.0/src/lib.rs" (BadLocation)
[2020-03-18T05:31:18Z ERROR rls::actions::hover] failed to extract docs: row: Row(0, PhantomData), file: "/Users/code/.cargo/registry/src/github.com-1ecc6299db9ec823/conrod_core-0.69.0/src/lib.rs" (BadLocation)
[2020-03-18T05:31:19Z ERROR rls::actions::hover] failed to extract docs: row: Row(0, PhantomData), file: "/Users/code/.cargo/registry/src/github.com-1ecc6299db9ec823/conrod_core-0.69.0/src/lib.rs" (BadLocation)
error: expected one of `->`, `where`, or `{`, found `pub`
 --> <stdin>:3:1
  |
1 | impl Dummy { pub fn main()
  |                           - expected one of `->`, `where`, or `{` here
2 | 
3 | pub const WIN_W: u32 = 600 { unimplemented!() } }
  | ^^^ unexpected token

error: expected one of `.`, `;`, `?`, or an operator, found `{`
 --> <stdin>:3:28
  |
3 | pub const WIN_W: u32 = 600 { unimplemented!() } }
  |                            ^ expected one of `.`, `;`, `?`, or an operator here

[2020-03-18T05:34:37Z ERROR rls::actions::hover] format_method: error: Failed, input: "impl Dummy { pub fn main()\n\npub const WIN_W: u32 = 600 { unimplemented!() } }"
{"artifact":"/Users/code/Documents/Rust/rust-computer/target/rls/debug/deps/cfg_if-7654643fc8005c80.d","emit":"dep-info"}
{"artifact":"/Users/code/Documents/Rust/rust-computer/target/rls/debug/deps/save-analysis/libcfg_if-7654643fc8005c80.json","emit":"save-analysis"}
{"artifact":"/Users/code/Documents/Rust/rust-computer/target/rls/debug/deps/libcfg_if-7654643fc8005c80.rmeta","emit":"metadata"}
{"artifact":"/Users/code/Documents/Rust/rust-computer/target/rls/debug/deps/libcfg_if-7654643fc8005c80.rlib","emit":"link"}
{"artifact":"/Users/code/Documents/Rust/rust-computer/target/rls/debug/deps/xml-384f79bcef721033.d","emit":"dep-info"}
{"artifact":"/Users/code/Documents/Rust/rust-computer/target/rls/debug/deps/log-fc1d8f125c01e440.d","emit":"dep-info"}
{"artifact":"/Users/code/Documents/Rust/rust-computer/target/rls/debug/deps/khronos_api-b5679f414f829345.d","emit":"dep-info"}
{"artifact":"/Users/code/Documents/Rust/rust-computer/target/rls/debug/deps/save-analysis/liblog-fc1d8f125c01e440.json","emit":"save-analysis"}
{"artifact":"/Users/code/Documents/Rust/rust-computer/target/rls/debug/deps/save-analysis/libkhronos_api-b5679f414f829345.json","emit":"save-analysis"}
{"artifact":"/Users/code/Documents/Rust/rust-computer/target/rls/debug/deps/liblog-fc1d8f125c01e440.rmeta","emit":"metadata"}
{"artifact":"/Users/code/Documents/Rust/rust-computer/target/rls/debug/deps/libkhronos_api-b5679f414f829345.rmeta","emit":"metadata"}
{"artifact":"/Users/code/Documents/Rust/rust-computer/target/rls/debug/deps/liblog-fc1d8f125c01e440.rlib","emit":"link"}
{"artifact":"/Users/code/Documents/Rust/rust-computer/target/rls/debug/deps/libkhronos_api-b5679f414f829345.rlib","emit":"link"}
{"artifact":"/Users/code/Documents/Rust/rust-computer/target/rls/debug/deps/proc_macro2-a0cddbeff5e4cbf0.d","emit":"dep-info"}
{"artifact":"/Users/code/Documents/Rust/rust-computer/target/rls/debug/deps/save-analysis/libxml-384f79bcef721033.json","emit":"save-analysis"}
{"artifact":"/Users/code/Documents/Rust/rust-computer/target/rls/debug/deps/save-analysis/libproc_macro2-a0cddbeff5e4cbf0.json","emit":"save-analysis"}
{"artifact":"/Users/code/Documents/Rust/rust-computer/target/rls/debug/deps/libxml-384f79bcef721033.rmeta","emit":"metadata"}
{"artifact":"/Users/code/Documents/Rust/rust-computer/target/rls/debug/deps/libproc_macro2-a0cddbeff5e4cbf0.rmeta","emit":"metadata"}
{"artifact":"/Users/code/Documents/Rust/rust-computer/target/rls/debug/deps/libproc_macro2-a0cddbeff5e4cbf0.rlib","emit":"link"}
{"artifact":"/Users/code/Documents/Rust/rust-computer/target/rls/debug/deps/quote-640be9caa2976fba.d","emit":"dep-info"}
{"artifact":"/Users/code/Documents/Rust/rust-computer/target/rls/debug/deps/save-analysis/libquote-640be9caa2976fba.json","emit":"save-analysis"}
{"artifact":"/Users/code/Documents/Rust/rust-computer/target/rls/debug/deps/libquote-640be9caa2976fba.rmeta","emit":"metadata"}
{"artifact":"/Users/code/Documents/Rust/rust-computer/target/rls/debug/deps/libxml-384f79bcef721033.rlib","emit":"link"}
{"artifact":"/Users/code/Documents/Rust/rust-computer/target/rls/debug/deps/libquote-640be9caa2976fba.rlib","emit":"link"}
thread 'rustc' panicked at 'called `Option::unwrap()` on a `None` value', /rustc/f3e1a954d2ead4e2fc197c7da7d71e6c61bad196/src/libcore/macros/mod.rs:15:40
note: run with `RUST_BACKTRACE=1` environment variable to display a backtrace.
thread 'rustc' panicked at 'called `Option::unwrap()` on a `None` value', /rustc/f3e1a954d2ead4e2fc197c7da7d71e6c61bad196/src/libcore/macros/mod.rs:15:40
thread 'rustc' panicked at 'called `Option::unwrap()` on a `None` value', /rustc/f3e1a954d2ead4e2fc197c7da7d71e6c61bad196/src/libcore/macros/mod.rs:15:40
thread 'rustc' panicked at 'called `Option::unwrap()` on a `None` value', /rustc/f3e1a954d2ead4e2fc197c7da7d71e6c61bad196/src/libcore/macros/mod.rs:15:40
thread 'rustc' panicked at 'called `Option::unwrap()` on a `None` value', /rustc/f3e1a954d2ead4e2fc197c7da7d71e6c61bad196/src/libcore/macros/mod.rs:15:40
error: this file contains an un-closed delimiter
 --> <stdin>:1:25
  |
1 | widget_ids!(struct Ids{}
  |            -            ^
  |            |
  |            un-closed delimiter

error: macros that expand to items must be delimited with braces or followed by a semicolon
 --> <stdin>:1:12
  |
1 | widget_ids!(struct Ids{}
  |            ^^^^^^^^^^^^^
help: change the delimiters to curly braces
  |
1 | widget_ids! {struct Ids{}
  |             ^           ^
help: add a semicolon
  |
1 | widget_ids!(struct Ids{};
  |                         ^

[2020-03-18T05:56:57Z ERROR rls::actions::hover] format_object: error: Failed, input: "widget_ids!(struct Ids{}"
error: this file contains an un-closed delimiter
 --> <stdin>:1:25
  |
1 | widget_ids!(struct Ids{}
  |            -            ^
  |            |
  |            un-closed delimiter

error: macros that expand to items must be delimited with braces or followed by a semicolon
 --> <stdin>:1:12
  |
1 | widget_ids!(struct Ids{}
  |            ^^^^^^^^^^^^^
help: change the delimiters to curly braces
  |
1 | widget_ids! {struct Ids{}
  |             ^           ^
help: add a semicolon
  |
1 | widget_ids!(struct Ids{};
  |                         ^

[2020-03-18T05:56:59Z ERROR rls::actions::hover] format_object: error: Failed, input: "widget_ids!(struct Ids{}"
error: this file contains an un-closed delimiter
 --> <stdin>:1:25
  |
1 | widget_ids!(struct Ids{}
  |            -            ^
  |            |
  |            un-closed delimiter

error: macros that expand to items must be delimited with braces or followed by a semicolon
 --> <stdin>:1:12
  |
1 | widget_ids!(struct Ids{}
  |            ^^^^^^^^^^^^^
help: change the delimiters to curly braces
  |
1 | widget_ids! {struct Ids{}
  |             ^           ^
help: add a semicolon
  |
1 | widget_ids!(struct Ids{};
  |                         ^

[2020-03-18T05:57:03Z ERROR rls::actions::hover] format_object: error: Failed, input: "widget_ids!(struct Ids{}"
error: missing `fn`, `type`, or `const` for impl-item declaration
 --> <stdin>:1:17
  |
1 | impl Dummy { pub font_size { unimplemented!() } }
  |                 ^ missing `fn`, `type`, or `const`

[2020-03-18T05:59:47Z ERROR rls::actions::hover] format_method: error: Failed, input: "impl Dummy { pub font_size { unimplemented!() } }"
error: expected one of `->`, `where`, or `{`, found `pub`
 --> <stdin>:3:1
  |
1 | impl Dummy { pub fn boilerplate()
  |                                  - expected one of `->`, `where`, or `{` here
2 | 
3 | pub fn ui_main() { unimplemented!() } }
  | ^^^ unexpected token

[2020-03-18T06:16:22Z ERROR rls::actions::hover] format_method: error: Failed, input: "impl Dummy { pub fn boilerplate()\n\npub fn ui_main() { unimplemented!() } }"
error: expected parameter name, found `,`
 --> <stdin>:1:73
  |
1 | impl Dummy { fn setup(id_generator: conrod_core::widget::id::Generator, ,) { unimplemented!() } }
  |                                                                         ^ expected parameter name

[2020-03-18T06:24:57Z ERROR rls::actions::hover] format_method: error: Failed, input: "impl Dummy { fn setup(id_generator: conrod_core::widget::id::Generator, ,) { unimplemented!() } }"
error: this file contains an un-closed delimiter
 --> <stdin>:1:25
  |
1 | widget_ids!(struct Ids{}
  |            -            ^
  |            |
  |            un-closed delimiter

error: macros that expand to items must be delimited with braces or followed by a semicolon
 --> <stdin>:1:12
  |
1 | widget_ids!(struct Ids{}
  |            ^^^^^^^^^^^^^
help: change the delimiters to curly braces
  |
1 | widget_ids! {struct Ids{}
  |             ^           ^
help: add a semicolon
  |
1 | widget_ids!(struct Ids{};
  |                         ^

[2020-03-18T06:34:18Z ERROR rls::actions::hover] format_object: error: Failed, input: "widget_ids!(struct Ids{}"
error: this file contains an un-closed delimiter
 --> <stdin>:1:25
  |
1 | widget_ids!(struct Ids{}
  |            -            ^
  |            |
  |            un-closed delimiter

error: macros that expand to items must be delimited with braces or followed by a semicolon
 --> <stdin>:1:12
  |
1 | widget_ids!(struct Ids{}
  |            ^^^^^^^^^^^^^
help: change the delimiters to curly braces
  |
1 | widget_ids! {struct Ids{}
  |             ^           ^
help: add a semicolon
  |
1 | widget_ids!(struct Ids{};
  |                         ^

[2020-03-18T18:00:37Z ERROR rls::actions::hover] format_object: error: Failed, input: "widget_ids!(struct Ids{}"
[2020-03-18T19:32:07Z ERROR rls::actions::hover] extract_decl: error: BadLocation
[2020-03-18T19:32:20Z ERROR rls::actions::hover] extract_decl: error: BadLocation
thread 'rustc' panicked at 'index out of bounds: the len is 0 but the index is 0', src/librustc_metadata/rmeta/decoder.rs:660:10
thread 'rustc' panicked at 'index out of bounds: the len is 0 but the index is 0', src/librustc_metadata/rmeta/decoder.rs:660:10
thread 'rustc' panicked at 'index out of bounds: the len is 0 but the index is 0', src/librustc_metadata/rmeta/decoder.rs:660:10
thread 'rustc' panicked at 'index out of bounds: the len is 0 but the index is 0', src/librustc_metadata/rmeta/decoder.rs:660:10
thread 'rustc' panicked at 'index out of bounds: the len is 0 but the index is 0', src/librustc_metadata/rmeta/decoder.rs:660:10
thread 'rustc' panicked at 'index out of bounds: the len is 0 but the index is 0', src/librustc_metadata/rmeta/decoder.rs:660:10
thread 'rustc' panicked at 'index out of bounds: the len is 0 but the index is 0', src/librustc_metadata/rmeta/decoder.rs:660:10
thread 'rustc' panicked at 'index out of bounds: the len is 0 but the index is 0', src/librustc_metadata/rmeta/decoder.rs:660:10
thread 'rustc' panicked at 'index out of bounds: the len is 0 but the index is 0', src/librustc_metadata/rmeta/decoder.rs:660:10
thread 'rustc' panicked at 'index out of bounds: the len is 0 but the index is 0', src/librustc_metadata/rmeta/decoder.rs:660:10
thread 'rustc' panicked at 'index out of bounds: the len is 0 but the index is 0', src/librustc_metadata/rmeta/decoder.rs:660:10
thread 'rustc' panicked at 'index out of bounds: the len is 0 but the index is 0', src/librustc_metadata/rmeta/decoder.rs:660:10
thread 'rustc' panicked at 'index out of bounds: the len is 0 but the index is 0', src/librustc_metadata/rmeta/decoder.rs:660:10
thread 'rustc' panicked at 'index out of bounds: the len is 0 but the index is 0', src/librustc_metadata/rmeta/decoder.rs:660:10
thread 'rustc' panicked at 'index out of bounds: the len is 0 but the index is 0', src/librustc_metadata/rmeta/decoder.rs:660:10
thread 'rustc' panicked at 'index out of bounds: the len is 0 but the index is 0', src/librustc_metadata/rmeta/decoder.rs:660:10
thread 'rustc' panicked at 'index out of bounds: the len is 0 but the index is 0', src/librustc_metadata/rmeta/decoder.rs:660:10
thread 'rustc' panicked at 'index out of bounds: the len is 0 but the index is 0', src/librustc_metadata/rmeta/decoder.rs:660:10
thread 'rustc' panicked at 'index out of bounds: the len is 0 but the index is 0', src/librustc_metadata/rmeta/decoder.rs:660:10
thread 'rustc' panicked at 'index out of bounds: the len is 0 but the index is 0', src/librustc_metadata/rmeta/decoder.rs:660:10
thread 'rustc' panicked at 'index out of bounds: the len is 0 but the index is 0', src/librustc_metadata/rmeta/decoder.rs:660:10
thread 'rustc' panicked at 'index out of bounds: the len is 0 but the index is 0', src/librustc_metadata/rmeta/decoder.rs:660:10
thread 'rustc' panicked at 'index out of bounds: the len is 0 but the index is 0', src/librustc_metadata/rmeta/decoder.rs:660:10
thread 'rustc' panicked at 'index out of bounds: the len is 0 but the index is 0', src/librustc_metadata/rmeta/decoder.rs:660:10
thread 'rustc' panicked at 'index out of bounds: the len is 0 but the index is 0', src/librustc_metadata/rmeta/decoder.rs:660:10
thread 'rustc' panicked at 'index out of bounds: the len is 0 but the index is 0', src/librustc_metadata/rmeta/decoder.rs:660:10
thread 'rustc' panicked at 'index out of bounds: the len is 0 but the index is 0', src/librustc_metadata/rmeta/decoder.rs:660:10
thread 'rustc' panicked at 'index out of bounds: the len is 0 but the index is 0', src/librustc_metadata/rmeta/decoder.rs:660:10
thread 'rustc' panicked at 'index out of bounds: the len is 0 but the index is 0', src/librustc_metadata/rmeta/decoder.rs:660:10
thread 'rustc' panicked at 'index out of bounds: the len is 0 but the index is 0', src/librustc_metadata/rmeta/decoder.rs:660:10
thread 'rustc' panicked at 'index out of bounds: the len is 0 but the index is 0', src/librustc_metadata/rmeta/decoder.rs:660:10
thread 'rustc' panicked at 'index out of bounds: the len is 0 but the index is 0', src/librustc_metadata/rmeta/decoder.rs:660:10
thread 'rustc' panicked at 'index out of bounds: the len is 0 but the index is 0', src/librustc_metadata/rmeta/decoder.rs:660:10
thread 'rustc' panicked at 'index out of bounds: the len is 0 but the index is 0', src/librustc_metadata/rmeta/decoder.rs:660:10
thread 'rustc' panicked at 'index out of bounds: the len is 0 but the index is 0', src/librustc_metadata/rmeta/decoder.rs:660:10
thread 'rustc' panicked at 'index out of bounds: the len is 0 but the index is 0', src/librustc_metadata/rmeta/decoder.rs:660:10
thread 'rustc' panicked at 'index out of bounds: the len is 0 but the index is 0', src/librustc_metadata/rmeta/decoder.rs:660:10
thread 'rustc' panicked at 'index out of bounds: the len is 0 but the index is 0', src/librustc_metadata/rmeta/decoder.rs:660:10
thread 'rustc' panicked at 'index out of bounds: the len is 0 but the index is 0', src/librustc_metadata/rmeta/decoder.rs:660:10
thread 'rustc' panicked at 'index out of bounds: the len is 0 but the index is 0', src/librustc_metadata/rmeta/decoder.rs:660:10
thread 'rustc' panicked at 'index out of bounds: the len is 0 but the index is 0', src/librustc_metadata/rmeta/decoder.rs:660:10
thread 'rustc' panicked at 'index out of bounds: the len is 0 but the index is 0', src/librustc_metadata/rmeta/decoder.rs:660:10
thread 'rustc' panicked at 'index out of bounds: the len is 0 but the index is 0', src/librustc_metadata/rmeta/decoder.rs:660:10
thread 'rustc' panicked at 'index out of bounds: the len is 0 but the index is 0', src/librustc_metadata/rmeta/decoder.rs:660:10
thread 'rustc' panicked at 'index out of bounds: the len is 0 but the index is 0', src/librustc_metadata/rmeta/decoder.rs:660:10
thread 'rustc' panicked at 'index out of bounds: the len is 0 but the index is 0', src/librustc_metadata/rmeta/decoder.rs:660:10
thread 'rustc' panicked at 'index out of bounds: the len is 0 but the index is 0', src/librustc_metadata/rmeta/decoder.rs:660:10
thread 'rustc' panicked at 'index out of bounds: the len is 0 but the index is 0', src/librustc_metadata/rmeta/decoder.rs:660:10
thread 'rustc' panicked at 'index out of bounds: the len is 0 but the index is 0', src/librustc_metadata/rmeta/decoder.rs:660:10
thread 'rustc' panicked at 'index out of bounds: the len is 0 but the index is 0', src/librustc_metadata/rmeta/decoder.rs:660:10
thread 'rustc' panicked at 'index out of bounds: the len is 0 but the index is 0', src/librustc_metadata/rmeta/decoder.rs:660:10
thread 'rustc' panicked at 'index out of bounds: the len is 0 but the index is 0', src/librustc_metadata/rmeta/decoder.rs:660:10
thread 'rustc' panicked at 'index out of bounds: the len is 0 but the index is 0', src/librustc_metadata/rmeta/decoder.rs:660:10
thread 'rustc' panicked at 'index out of bounds: the len is 0 but the index is 0', src/librustc_metadata/rmeta/decoder.rs:660:10
thread 'rustc' panicked at 'index out of bounds: the len is 0 but the index is 0', src/librustc_metadata/rmeta/decoder.rs:660:10
thread 'rustc' panicked at 'index out of bounds: the len is 0 but the index is 0', src/librustc_metadata/rmeta/decoder.rs:660:10
thread 'rustc' panicked at 'index out of bounds: the len is 0 but the index is 0', src/librustc_metadata/rmeta/decoder.rs:660:10
thread 'rustc' panicked at 'index out of bounds: the len is 0 but the index is 0', src/librustc_metadata/rmeta/decoder.rs:660:10
thread 'rustc' panicked at 'index out of bounds: the len is 0 but the index is 0', src/librustc_metadata/rmeta/decoder.rs:660:10
thread 'rustc' panicked at 'index out of bounds: the len is 0 but the index is 0', src/librustc_metadata/rmeta/decoder.rs:660:10
thread 'rustc' panicked at 'index out of bounds: the len is 0 but the index is 0', src/librustc_metadata/rmeta/decoder.rs:660:10
thread 'rustc' panicked at 'index out of bounds: the len is 0 but the index is 0', src/librustc_metadata/rmeta/decoder.rs:660:10
thread 'rustc' panicked at 'index out of bounds: the len is 0 but the index is 0', src/librustc_metadata/rmeta/decoder.rs:660:10
thread 'rustc' panicked at 'index out of bounds: the len is 0 but the index is 0', src/librustc_metadata/rmeta/decoder.rs:660:10
thread 'rustc' panicked at 'index out of bounds: the len is 0 but the index is 0', src/librustc_metadata/rmeta/decoder.rs:660:10
thread 'rustc' panicked at 'index out of bounds: the len is 0 but the index is 0', src/librustc_metadata/rmeta/decoder.rs:660:10
thread 'rustc' panicked at 'index out of bounds: the len is 0 but the index is 0', src/librustc_metadata/rmeta/decoder.rs:660:10
error: expected `where`, `{`, `(`, or `;` after struct name, found `#`
 --> <stdin>:1:19
  |
1 | pub struct LitInt #manual_extra_traits_debug{}
  |                   ^ expected `where`, `{`, `(`, or `;` after struct name

[2020-03-18T20:42:50Z ERROR rls::actions::hover] format_object: error: Failed, input: "pub struct LitInt #manual_extra_traits_debug{}"
